<?xml version="1.0" encoding="UTF-8"?>
<!-- Generated by org.testng.reporters.JUnitReportReporter -->
<testsuite hostname="MrB" failures="0" tests="9" name="testCases.loanCalculatorTest" time="43.719" errors="0" timestamp="2021-03-17T17:40:54 EDT" skipped="0">
  <testcase classname="testCases.loanCalculatorTest" name="loanCalculatorTest" time="4.360"/>
  <system-out/>
  <testcase classname="testCases.loanCalculatorTest" name="loanCalculatorTest" time="7.700"/>
  <system-out/>
  <testcase classname="testCases.loanCalculatorTest" name="loanCalculatorTest" time="4.248"/>
  <system-out/>
  <testcase classname="testCases.loanCalculatorTest" name="loanCalculatorTest" time="4.543"/>
  <system-out/>
  <testcase classname="testCases.loanCalculatorTest" name="loanCalculatorTest" time="5.388"/>
  <system-out/>
  <testcase classname="testCases.loanCalculatorTest" name="loanCalculatorTest" time="4.143"/>
  <system-out/>
  <testcase classname="testCases.loanCalculatorTest" name="loanCalculatorTest" time="4.421"/>
  <system-out/>
  <testcase classname="testCases.loanCalculatorTest" name="loanCalculatorTest" time="4.416"/>
  <system-out/>
  <testcase classname="testCases.loanCalculatorTest" name="loanCalculatorTest" time="4.500"/>
  <system-out/>
</testsuite> <!-- testCases.loanCalculatorTest -->
