<?xml version="1.0" encoding="UTF-8"?>
<!-- Generated by org.testng.reporters.JUnitReportReporter -->
<testsuite hostname="MrB" failures="0" tests="1" name="TodayProject.NewTest" time="0.014" errors="0" timestamp="2021-03-10T23:46:12 EST" skipped="0">
  <testcase classname="TodayProject.NewTest" name="f" time="0.014"/>
  <system-out/>
</testsuite> <!-- TodayProject.NewTest -->
