<?xml version="1.0" encoding="UTF-8"?>
<!-- Generated by org.testng.reporters.JUnitReportReporter -->
<testsuite hostname="MrB" failures="0" tests="1" name="base.TestBase" time="1.357" errors="0" timestamp="2021-03-10T22:51:05 EST" skipped="0">
  <testcase classname="base.TestBase" name="my" time="1.357"/>
  <system-out/>
</testsuite> <!-- base.TestBase -->
